-outxml
-source
1.6
-target
1.6
-classpath
/home/camilo/Ubuntu One/mavenRepository/aopalliance/aopalliance/1.0/aopalliance-1.0.jar:/home/camilo/Ubuntu One/mavenRepository/asm/asm/3.3.1/asm-3.3.1.jar:/home/camilo/Ubuntu One/mavenRepository/cglib/cglib-nodep/2.2/cglib-nodep-2.2.jar:/home/camilo/Ubuntu One/mavenRepository/com/h2database/h2/1.2.131/h2-1.2.131.jar:/home/camilo/Ubuntu One/mavenRepository/com/sun/faces/jsf-api/2.1.0-b11/jsf-api-2.1.0-b11.jar:/home/camilo/Ubuntu One/mavenRepository/com/sun/faces/jsf-impl/2.1.0-b11/jsf-impl-2.1.0-b11.jar:/home/camilo/Ubuntu One/mavenRepository/commons-dbcp/commons-dbcp/1.3/commons-dbcp-1.3.jar:/home/camilo/Ubuntu One/mavenRepository/commons-pool/commons-pool/1.5.4/commons-pool-1.5.4.jar:/home/camilo/Ubuntu One/mavenRepository/javax/jdo/jdo2-api/2.3-eb/jdo2-api-2.3-eb.jar:/home/camilo/Ubuntu One/mavenRepository/javax/persistence/persistence-api/1.0/persistence-api-1.0.jar:/home/camilo/Ubuntu One/mavenRepository/javax/servlet/servlet-api/2.5/servlet-api-2.5.jar:/home/camilo/Ubuntu One/mavenRepository/javax/transaction/jta/1.1/jta-1.1.jar:/home/camilo/Ubuntu One/mavenRepository/javax/transaction/transaction-api/1.1/transaction-api-1.1.jar:/home/camilo/Ubuntu One/mavenRepository/javax/validation/validation-api/1.0.0.GA/validation-api-1.0.0.GA.jar:/home/camilo/Ubuntu One/mavenRepository/jstl/jstl/1.2/jstl-1.2.jar:/home/camilo/Ubuntu One/mavenRepository/log4j/log4j/1.2.15/log4j-1.2.15.jar:/home/camilo/Ubuntu One/mavenRepository/org/apache/geronimo/specs/geronimo-jpa_3.0_spec/1.1.1/geronimo-jpa_3.0_spec-1.1.1.jar:/home/camilo/Ubuntu One/mavenRepository/org/aspectj/aspectjrt/1.6.9.M2/aspectjrt-1.6.9.M2.jar:/home/camilo/Ubuntu One/mavenRepository/org/datanucleus/datanucleus-enhancer/1.1.4/datanucleus-enhancer-1.1.4.jar:/home/camilo/Ubuntu One/mavenRepository/org/datanucleus/datanucleus-jpa/1.1.5/datanucleus-jpa-1.1.5.jar:/home/camilo/Ubuntu One/mavenRepository/org/datanucleus/datanucleus-rdbms/1.1.6/datanucleus-rdbms-1.1.6.jar:/home/camilo/Ubuntu One/mavenRepository/org/hibernate/hibernate-validator/4.0.2.GA/hibernate-validator-4.0.2.GA.jar:/home/camilo/Ubuntu One/mavenRepository/org/primefaces/primefaces/2.2.RC2/primefaces-2.2.RC2.jar:/home/camilo/Ubuntu One/mavenRepository/org/slf4j/jcl-over-slf4j/1.6.0/jcl-over-slf4j-1.6.0.jar:/home/camilo/Ubuntu One/mavenRepository/org/slf4j/slf4j-api/1.6.0/slf4j-api-1.6.0.jar:/home/camilo/Ubuntu One/mavenRepository/org/slf4j/slf4j-log4j12/1.6.0/slf4j-log4j12-1.6.0.jar:/home/camilo/Ubuntu One/mavenRepository/org/springframework/spring-aop/3.0.2.RELEASE/spring-aop-3.0.2.RELEASE.jar:/home/camilo/Ubuntu One/mavenRepository/org/springframework/spring-asm/3.0.2.RELEASE/spring-asm-3.0.2.RELEASE.jar:/home/camilo/Ubuntu One/mavenRepository/org/springframework/spring-aspects/3.0.2.RELEASE/spring-aspects-3.0.2.RELEASE.jar:/home/camilo/Ubuntu One/mavenRepository/org/springframework/spring-beans/3.0.2.RELEASE/spring-beans-3.0.2.RELEASE.jar:/home/camilo/Ubuntu One/mavenRepository/org/springframework/spring-context/3.0.2.RELEASE/spring-context-3.0.2.RELEASE.jar:/home/camilo/Ubuntu One/mavenRepository/org/springframework/spring-context-support/3.0.2.RELEASE/spring-context-support-3.0.2.RELEASE.jar:/home/camilo/Ubuntu One/mavenRepository/org/springframework/spring-core/3.0.2.RELEASE/spring-core-3.0.2.RELEASE.jar:/home/camilo/Ubuntu One/mavenRepository/org/springframework/spring-expression/3.0.2.RELEASE/spring-expression-3.0.2.RELEASE.jar:/home/camilo/Ubuntu One/mavenRepository/org/springframework/spring-jdbc/3.0.2.RELEASE/spring-jdbc-3.0.2.RELEASE.jar:/home/camilo/Ubuntu One/mavenRepository/org/springframework/spring-orm/3.0.2.RELEASE/spring-orm-3.0.2.RELEASE.jar:/home/camilo/Ubuntu One/mavenRepository/org/springframework/spring-tx/3.0.2.RELEASE/spring-tx-3.0.2.RELEASE.jar:/home/camilo/Ubuntu One/mavenRepository/org/springframework/roo/org.springframework.roo.annotations/1.1.0.M1/org.springframework.roo.annotations-1.1.0.M1.jar:/home/camilo/Development/github/bufunfa/FinanceJSF2WUI/target/classes
-aspectpath
/home/camilo/Ubuntu One/mavenRepository/org/springframework/spring-aspects/3.0.2.RELEASE/spring-aspects-3.0.2.RELEASE.jar
-d
/home/camilo/Development/github/bufunfa/FinanceJSF2WUI/target/classes
/home/camilo/Development/github/bufunfa/FinanceJSF2WUI/src/main/java/br/com/bufunfa/finance/model/Usuario_Roo_JavaBean.aj
/home/camilo/Development/github/bufunfa/FinanceJSF2WUI/src/main/java/br/com/bufunfa/finance/ui/conta/TreeTableItem_Roo_JavaBean.aj
/home/camilo/Development/github/bufunfa/FinanceJSF2WUI/src/main/java/br/com/bufunfa/finance/model/Usuario_Roo_ToString.aj
/home/camilo/Development/github/bufunfa/FinanceJSF2WUI/src/main/java/br/com/bufunfa/finance/ui/LoginView.java
/home/camilo/Development/github/bufunfa/FinanceJSF2WUI/src/main/java/br/com/bufunfa/finance/model/Usuario_Roo_Configurable.aj
/home/camilo/Development/github/bufunfa/FinanceJSF2WUI/src/main/java/br/com/bufunfa/finance/model/Usuario_Roo_Serializable.aj
/home/camilo/Development/github/bufunfa/FinanceJSF2WUI/src/main/java/br/com/bufunfa/finance/ui/transacao/TransacaoItem_Roo_JavaBean.aj
/home/camilo/Development/github/bufunfa/FinanceJSF2WUI/src/main/java/br/com/bufunfa/finance/ui/conta/TreeTableWidget.java
/home/camilo/Development/github/bufunfa/FinanceJSF2WUI/src/main/java/br/com/bufunfa/finance/ui/transacao/TransacaoItem_Roo_Serializable.aj
/home/camilo/Development/github/bufunfa/FinanceJSF2WUI/src/main/java/br/com/bufunfa/finance/ui/transacao/TransacaoItem.java
/home/camilo/Development/github/bufunfa/FinanceJSF2WUI/src/main/java/br/com/bufunfa/finance/ui/conta/ContaView_Roo_Serializable.aj
/home/camilo/Development/github/bufunfa/FinanceJSF2WUI/src/main/java/br/com/bufunfa/finance/model/Usuario_Roo_Entity.aj
/home/camilo/Development/github/bufunfa/FinanceJSF2WUI/src/main/java/br/com/bufunfa/finance/ui/conta/TreeTableItem.java
/home/camilo/Development/github/bufunfa/FinanceJSF2WUI/src/main/java/br/com/bufunfa/finance/ui/conta/TreeTableWidget_Roo_Serializable.aj
/home/camilo/Development/github/bufunfa/FinanceJSF2WUI/src/main/java/br/com/bufunfa/finance/ui/conta/TreeTableItem_Roo_Serializable.aj
/home/camilo/Development/github/bufunfa/FinanceJSF2WUI/src/main/java/br/com/bufunfa/finance/ui/LoginView_Roo_Serializable.aj
/home/camilo/Development/github/bufunfa/FinanceJSF2WUI/src/main/java/br/com/bufunfa/finance/ui/transacao/TransacaoItem_Roo_ToString.aj
/home/camilo/Development/github/bufunfa/FinanceJSF2WUI/src/main/java/br/com/bufunfa/finance/model/Usuario.java
/home/camilo/Development/github/bufunfa/FinanceJSF2WUI/src/main/java/br/com/bufunfa/finance/ui/transacao/TransacaoView.java
/home/camilo/Development/github/bufunfa/FinanceJSF2WUI/src/main/java/br/com/bufunfa/finance/ui/conta/TreeTableItem_Roo_ToString.aj
/home/camilo/Development/github/bufunfa/FinanceJSF2WUI/src/main/java/br/com/bufunfa/finance/ui/conta/ContaView.java
/home/camilo/Development/github/bufunfa/FinanceJSF2WUI/src/main/java/br/com/bufunfa/finance/ui/transacao/TransacaoView_Roo_Serializable.aj
